<?xml version="1.0" encoding="UTF-8"?>
<!-- Generated by org.testng.reporters.JUnitXMLReporter -->
<testsuite hostname="Admin-PC" ignored="0" name="Default test" tests="4" failures="0" timestamp="25 Sep 2018 17:07:38 GMT" time="27.473" errors="0">
  <testcase name="TC_01" time="8.428" classname="com.actitime.test.users.AddUserTest"/>
  <testcase name="TC_02" time="6.754" classname="com.actitime.test.users.AddUserTest"/>
  <testcase name="TC_03" time="1.739" classname="com.actitime.test.users.AddUserTest"/>
  <testcase name="TC_04" time="4.378" classname="com.actitime.test.users.AddUserTest"/>
</testsuite> <!-- Default test -->
